# JRE version: Java(TM) SE Runtime Environment (8.0_111-b14) (build 1.8.0_111-b14)
# Java VM: Java HotSpot(TM) 64-Bit Server VM (25.111-b14 mixed mode windows-amd64 compressed oops)
Heap:
 PSYoungGen      total 72192K, used 71600K [0x00000000ead80000, 0x00000000f3b80000, 0x0000000100000000)
  eden space 65536K, 100% used [0x00000000ead80000,0x00000000eed80000,0x00000000eed80000)
  from space 6656K, 91% used [0x00000000eed80000,0x00000000ef36c010,0x00000000ef400000)
  to   space 7168K, 100% used [0x00000000f3480000,0x00000000f3b80000,0x00000000f3b80000)
 ParOldGen       total 693760K, used 11445K [0x00000000c0800000, 0x00000000ead80000, 0x00000000ead80000)
  object space 693760K, 1% used [0x00000000c0800000,0x00000000c132d728,0x00000000ead80000)
 Metaspace       used 14242K, capacity 14680K, committed 14848K, reserved 1062912K
  class space    used 1654K, capacity 1768K, committed 1792K, reserved 1048576K
GC Heap History (10 events):
Event: 3.782 GC heap after
Heap after GC invocations=3 (full 0):
 PSYoungGen      total 18944K, used 2560K [0x00000000ead80000, 0x00000000ed280000, 0x0000000100000000)
  eden space 16384K, 0% used [0x00000000ead80000,0x00000000ead80000,0x00000000ebd80000)
  from space 2560K, 100% used [0x00000000ebd80000,0x00000000ec000000,0x00000000ec000000)
  to   space 2560K, 0% used [0x00000000ed000000,0x00000000ed000000,0x00000000ed280000)
 ParOldGen       total 44032K, used 2501K [0x00000000c0800000, 0x00000000c3300000, 0x00000000ead80000)
  object space 44032K, 5% used [0x00000000c0800000,0x00000000c0a71540,0x00000000c3300000)
 Metaspace       used 9805K, capacity 10024K, committed 10368K, reserved 1058816K
  class space    used 1255K, capacity 1313K, committed 1408K, reserved 1048576K
}
Event: 4.804 GC heap before
{Heap before GC invocations=4 (full 0):
 PSYoungGen      total 18944K, used 18944K [0x00000000ead80000, 0x00000000ed280000, 0x0000000100000000)
  eden space 16384K, 100% used [0x00000000ead80000,0x00000000ebd80000,0x00000000ebd80000)
  from space 2560K, 100% used [0x00000000ebd80000,0x00000000ec000000,0x00000000ec000000)
  to   space 2560K, 0% used [0x00000000ed000000,0x00000000ed000000,0x00000000ed280000)
 ParOldGen       total 44032K, used 2501K [0x00000000c0800000, 0x00000000c3300000, 0x00000000ead80000)
  object space 44032K, 5% used [0x00000000c0800000,0x00000000c0a71540,0x00000000c3300000)
 Metaspace       used 12168K, capacity 12410K, committed 12672K, reserved 1060864K
  class space    used 1497K, capacity 1579K, committed 1664K, reserved 1048576K
Event: 4.825 GC heap after
Heap after GC invocations=4 (full 0):
 PSYoungGen      total 35328K, used 2544K [0x00000000ead80000, 0x00000000ed280000, 0x0000000100000000)
  eden space 32768K, 0% used [0x00000000ead80000,0x00000000ead80000,0x00000000ecd80000)
  from space 2560K, 99% used [0x00000000ed000000,0x00000000ed27c010,0x00000000ed280000)
  to   space 2560K, 0% used [0x00000000ecd80000,0x00000000ecd80000,0x00000000ed000000)
 ParOldGen       total 44032K, used 6203K [0x00000000c0800000, 0x00000000c3300000, 0x00000000ead80000)
  object space 44032K, 14% used [0x00000000c0800000,0x00000000c0e0eee8,0x00000000c3300000)
 Metaspace       used 12168K, capacity 12410K, committed 12672K, reserved 1060864K
  class space    used 1497K, capacity 1579K, committed 1664K, reserved 1048576K
}
Event: 5.841 GC heap before
{Heap before GC invocations=5 (full 0):
 PSYoungGen      total 35328K, used 35312K [0x00000000ead80000, 0x00000000ed280000, 0x0000000100000000)
  eden space 32768K, 100% used [0x00000000ead80000,0x00000000ecd80000,0x00000000ecd80000)
  from space 2560K, 99% used [0x00000000ed000000,0x00000000ed27c010,0x00000000ed280000)
  to   space 2560K, 0% used [0x00000000ecd80000,0x00000000ecd80000,0x00000000ed000000)
 ParOldGen       total 44032K, used 6203K [0x00000000c0800000, 0x00000000c3300000, 0x00000000ead80000)
  object space 44032K, 14% used [0x00000000c0800000,0x00000000c0e0eee8,0x00000000c3300000)
 Metaspace       used 12613K, capacity 12914K, committed 13184K, reserved 1060864K
  class space    used 1526K, capacity 1615K, committed 1664K, reserved 1048576K
Event: 5.856 GC heap after
Heap after GC invocations=5 (full 0):
 PSYoungGen      total 35328K, used 2560K [0x00000000ead80000, 0x00000000efa80000, 0x0000000100000000)
  eden space 32768K, 0% used [0x00000000ead80000,0x00000000ead80000,0x00000000ecd80000)
  from space 2560K, 100% used [0x00000000ecd80000,0x00000000ed000000,0x00000000ed000000)
  to   space 6656K, 0% used [0x00000000ef400000,0x00000000ef400000,0x00000000efa80000)
 ParOldGen       total 44032K, used 8549K [0x00000000c0800000, 0x00000000c3300000, 0x00000000ead80000)
  object space 44032K, 19% used [0x00000000c0800000,0x00000000c1059678,0x00000000c3300000)
 Metaspace       used 12613K, capacity 12914K, committed 13184K, reserved 1060864K
  class space    used 1526K, capacity 1615K, committed 1664K, reserved 1048576K
}
Event: 6.430 GC heap before
{Heap before GC invocations=6 (full 0):
 PSYoungGen      total 35328K, used 35328K [0x00000000ead80000, 0x00000000efa80000, 0x0000000100000000)
  eden space 32768K, 100% used [0x00000000ead80000,0x00000000ecd80000,0x00000000ecd80000)
  from space 2560K, 100% used [0x00000000ecd80000,0x00000000ed000000,0x00000000ed000000)
  to   space 6656K, 0% used [0x00000000ef400000,0x00000000ef400000,0x00000000efa80000)
 ParOldGen       total 44032K, used 8549K [0x00000000c0800000, 0x00000000c3300000, 0x00000000ead80000)
  object space 44032K, 19% used [0x00000000c0800000,0x00000000c1059678,0x00000000c3300000)
 Metaspace       used 12815K, capacity 13136K, committed 13440K, reserved 1060864K
  class space    used 1528K, capacity 1620K, committed 1664K, reserved 1048576K
Event: 6.446 GC heap after
Heap after GC invocations=6 (full 0):
 PSYoungGen      total 72192K, used 4112K [0x00000000ead80000, 0x00000000efa80000, 0x0000000100000000)
  eden space 65536K, 0% used [0x00000000ead80000,0x00000000ead80000,0x00000000eed80000)
  from space 6656K, 61% used [0x00000000ef400000,0x00000000ef804010,0x00000000efa80000)
  to   space 6656K, 0% used [0x00000000eed80000,0x00000000eed80000,0x00000000ef400000)
 ParOldGen       total 44032K, used 8557K [0x00000000c0800000, 0x00000000c3300000, 0x00000000ead80000)
  object space 44032K, 19% used [0x00000000c0800000,0x00000000c105b678,0x00000000c3300000)
 Metaspace       used 12815K, capacity 13136K, committed 13440K, reserved 1060864K
  class space    used 1528K, capacity 1620K, committed 1664K, reserved 1048576K
}
Event: 8.969 GC heap before
{Heap before GC invocations=7 (full 0):
 PSYoungGen      total 72192K, used 69648K [0x00000000ead80000, 0x00000000efa80000, 0x0000000100000000)
  eden space 65536K, 100% used [0x00000000ead80000,0x00000000eed80000,0x00000000eed80000)
  from space 6656K, 61% used [0x00000000ef400000,0x00000000ef804010,0x00000000efa80000)
  to   space 6656K, 0% used [0x00000000eed80000,0x00000000eed80000,0x00000000ef400000)
 ParOldGen       total 44032K, used 8557K [0x00000000c0800000, 0x00000000c3300000, 0x00000000ead80000)
  object space 44032K, 19% used [0x00000000c0800000,0x00000000c105b678,0x00000000c3300000)
 Metaspace       used 13308K, capacity 13596K, committed 13696K, reserved 1060864K
  class space    used 1546K, capacity 1622K, committed 1664K, reserved 1048576K
Event: 9.001 GC heap after
Heap after GC invocations=7 (full 0):
 PSYoungGen      total 72192K, used 6064K [0x00000000ead80000, 0x00000000f3b80000, 0x0000000100000000)
  eden space 65536K, 0% used [0x00000000ead80000,0x00000000ead80000,0x00000000eed80000)
  from space 6656K, 91% used [0x00000000eed80000,0x00000000ef36c010,0x00000000ef400000)
  to   space 7168K, 0% used [0x00000000f3480000,0x00000000f3480000,0x00000000f3b80000)
 ParOldGen       total 44032K, used 9389K [0x00000000c0800000, 0x00000000c3300000, 0x00000000ead80000)
  object space 44032K, 21% used [0x00000000c0800000,0x00000000c112b6c8,0x00000000c3300000)
 Metaspace       used 13308K, capacity 13596K, committed 13696K, reserved 1060864K
  class space    used 1546K, capacity 1622K, committed 1664K, reserved 1048576K
}
Event: 14.022 GC heap before
{Heap before GC invocations=8 (full 0):
 PSYoungGen      total 72192K, used 71600K [0x00000000ead80000, 0x00000000f3b80000, 0x0000000100000000)
  eden space 65536K, 100% used [0x00000000ead80000,0x00000000eed80000,0x00000000eed80000)
  from space 6656K, 91% used [0x00000000eed80000,0x00000000ef36c010,0x00000000ef400000)
  to   space 7168K, 0% used [0x00000000f3480000,0x00000000f3480000,0x00000000f3b80000)
 ParOldGen       total 44032K, used 9389K [0x00000000c0800000, 0x00000000c3300000, 0x00000000ead80000)
  object space 44032K, 21% used [0x00000000c0800000,0x00000000c112b6c8,0x00000000c3300000)
 Metaspace       used 14242K, capacity 14680K, committed 14848K, reserved 1062912K
  class space    used 1654K, capacity 1768K, committed 1792K, reserved 1048576K

